2025-07-04 09:24:51,761 INFO: === Logging ROOT inicializado ===
2025-07-04 09:24:51,766 INFO: 🔗 Conectando ao WebSocket...
2025-07-04 09:24:51,768 INFO: 🔗 Conexão WebSocket estabelecida. Aguardando dados...
2025-07-04 09:24:52,049 INFO: Websocket connected
2025-07-04 09:24:52,354 INFO: ✅ Token autorizado às 2025-07-04 12:24:52.354434 UTC
2025-07-04 09:24:52,540 INFO: 📥 Histórico inicial recebido às 2025-07-04 12:24:52.540285 UTC
2025-07-04 09:24:52,563 INFO: ⚠️ Dados insuficientes para HMA, usando apenas EMA.
2025-07-04 09:24:52,589 INFO: 📈 Análise: EMA9=2675.48, EMA21=2677.16, trend_ema=FALL, trend_final=FALL, RSI=34.06, MACD=-1.84/-1.78, ATR=1.20, body=0.32, band_width=0.001, confidence=60
2025-07-04 09:24:52,589 INFO: 🚨 SINAL DETECTADO: FALL | Confiança: 60%
2025-07-04 09:24:52,591 INFO: 🔄 Ignorando sinal inicial antes de primeiro candle OHL.
2025-07-04 09:25:00,321 INFO: 🔔 Novo candle em 2025-07-04 12:25:00 UTC
2025-07-04 09:25:00,324 INFO: ⚠️ Dados insuficientes para HMA, usando apenas EMA.
2025-07-04 09:25:00,327 INFO: 📈 Análise: EMA9=2675.38, EMA21=2676.61, trend_ema=FALL, trend_final=FALL, RSI=34.54, MACD=-1.57/-1.81, ATR=1.04, body=0.00, band_width=0.000, confidence=40
2025-07-04 09:25:00,328 INFO: 🚨 SINAL DETECTADO: FALL | Confiança: 40%
2025-07-04 09:25:04,531 INFO: ✅ Mensagem enviada ao Telegram (ID: IRDBL0B8).
2025-07-04 09:25:04,531 INFO: Inicializando conexão com o MongoDB.
2025-07-04 09:25:04,635 INFO: Conexão com o MongoDB estabelecida.
2025-07-04 09:25:04,637 INFO: Inserindo documento: {'signal_id': 'IRDBL0B8', 'signal': 'FALL', 'price': np.float64(2675.369), 'confidence': 40, 'analyze_time': datetime.datetime(2025, 7, 4, 9, 25, 0, 328657, tzinfo=<DstTzInfo 'America/Sao_Paulo' -03-1 day, 21:00:00 STD>), 'entry_time': '2025-07-04 09:26:00', 'open_candle_timestamp': 1751632018, 'message_id': 9086, 'chat_id': -4767147054, 'result': None}
2025-07-04 09:25:04,816 INFO: Documento inserido com ID: 6867c820699ced28510fe1c0
2025-07-04 09:25:32,667 INFO: === Logging ROOT inicializado ===
2025-07-04 09:25:32,668 INFO: 🔗 Conectando ao WebSocket...
2025-07-04 09:25:32,669 INFO: 🔗 Conexão WebSocket estabelecida. Aguardando dados...
2025-07-04 09:25:33,179 INFO: Websocket connected
2025-07-04 09:25:33,500 INFO: ✅ Token autorizado às 2025-07-04 12:25:33.500890 UTC
2025-07-04 09:25:33,899 INFO: 📥 Histórico inicial recebido às 2025-07-04 12:25:33.899053 UTC
2025-07-04 09:25:33,912 ERROR: ⚠️ Erro no processamento dos candles: 0
2025-07-04 09:26:01,528 INFO: === Logging ROOT inicializado ===
2025-07-04 09:26:01,529 INFO: 🔗 Conectando ao WebSocket...
2025-07-04 09:26:01,530 INFO: 🔗 Conexão WebSocket estabelecida. Aguardando dados...
2025-07-04 09:26:01,774 INFO: Websocket connected
2025-07-04 09:26:02,137 INFO: ✅ Token autorizado às 2025-07-04 12:26:02.137724 UTC
2025-07-04 09:26:02,552 INFO: 📥 Histórico inicial recebido às 2025-07-04 12:26:02.552967 UTC
2025-07-04 09:26:02,558 ERROR: ⚠️ Erro no processamento dos candles: 0
2025-07-04 09:26:58,430 INFO: === Logging ROOT inicializado ===
2025-07-04 09:26:58,432 INFO: 🔗 Conectando ao WebSocket...
2025-07-04 09:26:58,433 INFO: 🔗 Conexão WebSocket estabelecida. Aguardando dados...
2025-07-04 09:26:58,653 INFO: Websocket connected
2025-07-04 09:26:58,928 INFO: ✅ Token autorizado às 2025-07-04 12:26:58.928268 UTC
2025-07-04 09:26:59,137 INFO: 📥 Histórico inicial recebido às 2025-07-04 12:26:59.137164 UTC
2025-07-04 09:26:59,142 ERROR: ⚠️ Erro no processamento dos candles: 0
2025-07-04 09:27:13,929 INFO: === Logging ROOT inicializado ===
2025-07-04 09:27:13,930 INFO: 🔗 Conectando ao WebSocket...
2025-07-04 09:27:13,931 INFO: 🔗 Conexão WebSocket estabelecida. Aguardando dados...
2025-07-04 09:27:14,400 INFO: Websocket connected
2025-07-04 09:27:14,658 INFO: ✅ Token autorizado às 2025-07-04 12:27:14.658603 UTC
2025-07-04 09:27:14,860 INFO: 📥 Histórico inicial recebido às 2025-07-04 12:27:14.860291 UTC
2025-07-04 09:27:14,866 INFO: ⚠️ Dados insuficientes para HMA, usando apenas EMA.
2025-07-04 09:27:14,882 INFO: 📈 Análise: EMA9=2676.04, EMA21=2676.99, trend_ema=FALL, trend_final=FALL, RSI=45.48, MACD=-1.22/-1.48, ATR=1.14, body=0.17, band_width=0.001, confidence=20
2025-07-04 09:27:14,882 INFO: 🚨 SINAL DETECTADO: FALL | Confiança: 20%
2025-07-04 09:27:14,884 INFO: 🔄 Ignorando sinal inicial antes de primeiro candle OHL.
2025-07-04 09:27:34,228 INFO: === Logging ROOT inicializado ===
2025-07-04 09:27:34,229 INFO: 🔗 Conectando ao WebSocket...
2025-07-04 09:27:34,231 INFO: 🔗 Conexão WebSocket estabelecida. Aguardando dados...
2025-07-04 09:27:34,707 INFO: Websocket connected
2025-07-04 09:27:35,004 INFO: ✅ Token autorizado às 2025-07-04 12:27:35.004161 UTC
2025-07-04 09:27:35,216 INFO: 📥 Histórico inicial recebido às 2025-07-04 12:27:35.215307 UTC
2025-07-04 09:27:35,219 INFO: ⚠️ Dados insuficientes para HMA, usando apenas EMA.
2025-07-04 09:27:35,226 INFO: 📈 Análise: EMA9=2676.15, EMA21=2677.04, trend_ema=FALL, trend_final=FALL, RSI=48.60, MACD=-1.18/-1.48, ATR=1.17, body=0.39, band_width=0.001, confidence=20
2025-07-04 09:27:35,226 INFO: 🚨 SINAL DETECTADO: FALL | Confiança: 20%
2025-07-04 09:27:35,226 INFO: 🔄 Ignorando sinal inicial antes de primeiro candle OHL.
2025-07-04 09:28:00,453 INFO: 🔔 Novo candle em 2025-07-04 12:28:00 UTC
2025-07-04 09:28:00,456 INFO: ⚠️ Dados insuficientes para HMA, usando apenas EMA.
2025-07-04 09:28:00,461 INFO: 📈 Análise: EMA9=2676.28, EMA21=2676.60, trend_ema=FALL, trend_final=FALL, RSI=39.59, MACD=-0.48/-0.59, ATR=1.00, body=0.00, band_width=0.000, confidence=60
2025-07-04 09:28:00,461 INFO: 🚨 SINAL DETECTADO: FALL | Confiança: 60%
2025-07-04 09:28:01,392 INFO: ✅ Mensagem enviada ao Telegram (ID: GBO9GWEJ).
2025-07-04 09:28:01,393 INFO: Inicializando conexão com o MongoDB.
2025-07-04 09:28:01,411 INFO: Conexão com o MongoDB estabelecida.
2025-07-04 09:28:01,411 INFO: Inserindo documento: {'signal_id': 'GBO9GWEJ', 'signal': 'FALL', 'price': np.float64(2675.957), 'confidence': 60, 'analyze_time': datetime.datetime(2025, 7, 4, 9, 28, 0, 462225, tzinfo=<DstTzInfo 'America/Sao_Paulo' -03-1 day, 21:00:00 STD>), 'entry_time': '2025-07-04 09:29:00', 'open_candle_timestamp': 1751632198, 'message_id': 9087, 'chat_id': -4767147054, 'result': None}
2025-07-04 09:28:01,454 INFO: Documento inserido com ID: 6867c8d1dfec0f67e4776d71
2025-07-04 09:29:00,414 INFO: 🔔 Novo candle em 2025-07-04 12:29:00 UTC
2025-07-04 09:29:00,415 INFO: ⏳ Agendada validação do candle 1751632080 em 120s.
2025-07-04 09:29:00,418 INFO: ⚠️ Dados insuficientes para HMA, usando apenas EMA.
2025-07-04 09:29:00,423 INFO: 📈 Análise: EMA9=2676.76, EMA21=2676.56, trend_ema=RISE, trend_final=RISE, RSI=63.94, MACD=0.12/0.00, ATR=0.87, body=0.00, band_width=0.000, confidence=60
2025-07-04 09:29:00,423 INFO: 🚨 SINAL DETECTADO: RISE | Confiança: 60%
2025-07-04 09:29:00,424 INFO: ⏳ Em cooldown (120s). Próximo sinal em 61s.
2025-07-04 09:29:43,308 INFO: === Logging ROOT inicializado ===
2025-07-04 09:29:43,309 INFO: 🔗 Conectando ao WebSocket...
2025-07-04 09:29:43,310 INFO: 🔗 Conexão WebSocket estabelecida. Aguardando dados...
2025-07-04 09:29:43,810 INFO: Websocket connected
2025-07-04 09:29:44,059 INFO: ✅ Token autorizado às 2025-07-04 12:29:44.059807 UTC
2025-07-04 09:29:44,399 INFO: 📥 Histórico inicial recebido às 2025-07-04 12:29:44.398281 UTC
2025-07-04 09:29:44,406 ERROR: ⚠️ Erro no processamento dos candles: 0
2025-07-04 09:30:00,398 INFO: 🔔 Novo candle em 2025-07-04 12:30:00 UTC
2025-07-04 09:30:00,401 ERROR: ⚠️ Erro no processamento dos candles: 0
2025-07-04 09:36:52,853 INFO: === Logging ROOT inicializado ===
2025-07-04 09:36:52,854 INFO: Configurações carregadas: MAX_CANDLES=200, GRANULARITY=60
2025-07-04 09:36:52,854 INFO: 🔗 Conectando ao WebSocket...
2025-07-04 09:36:52,855 INFO: 🔗 Conexão WebSocket estabelecida. Aguardando dados...
2025-07-04 09:36:53,116 INFO: Websocket connected
2025-07-04 09:36:53,425 INFO: Token autorizado. Solicitando 200 candles históricos...
2025-07-04 09:36:53,425 INFO: Enviando requisição: {'ticks_history': 'R_25', 'style': 'candles', 'granularity': 60, 'count': 200, 'end': 'latest', 'subscribe': 1}
2025-07-04 09:36:53,426 INFO: ✅ Token autorizado às 2025-07-04 12:36:53.426061 UTC
2025-07-04 09:36:53,669 INFO: Recebendo histórico inicial com 200 candles
2025-07-04 09:36:53,669 INFO: Estrutura do primeiro candle: {'close': 2679.122, 'epoch': 1751620620, 'high': 2680.207, 'low': 2678.518, 'open': 2679.821}
2025-07-04 09:36:53,669 INFO: 📥 Histórico inicial recebido às 2025-07-04 12:36:53.669966 UTC. Total de candles: 200
2025-07-04 09:36:53,670 INFO: Estrutura dos dados: (1751620620, 2679.821, 2680.207, 2678.518, 2679.122)
2025-07-04 09:36:53,685 INFO: Verificando dados para HMA. Tamanho do DataFrame: 200
2025-07-04 09:36:53,685 INFO: Calculando HMA21...
2025-07-04 09:36:53,704 INFO: Calculando HMA100...
2025-07-04 09:36:53,712 INFO: 📊 HMA: HMA21=2679.34 (RISE), HMA100=2677.70 (FALL), trend_hma=RISE
2025-07-04 09:36:53,730 INFO: 📈 Análise: EMA9=2678.37, EMA21=2677.85, trend_ema=RISE, HMA21=2679.34, HMA100=2677.70, trend_hma=RISE, trend_final=RISE, RSI=59.76, MACD=0.16/-0.40, ATR=1.21, body=0.02, band_width=0.001, confidence=40
2025-07-04 09:36:53,730 INFO: 🚨 SINAL DETECTADO: RISE | Confiança: 40%
2025-07-04 09:36:53,732 INFO: 🔄 Ignorando sinal inicial antes de primeiro candle OHL.
2025-07-04 09:37:00,402 INFO: 🔔 Novo candle em 2025-07-04 12:37:00 UTC
2025-07-04 09:37:00,402 INFO: Estrutura dos dados: (1751620860, 2675.188, 2675.558, 2673.833, 2673.978)
2025-07-04 09:37:00,407 INFO: Verificando dados para HMA. Tamanho do DataFrame: 200
2025-07-04 09:37:00,407 INFO: Calculando HMA21...
2025-07-04 09:37:00,421 INFO: Calculando HMA100...
2025-07-04 09:37:00,432 INFO: 📊 HMA: HMA21=2680.37 (RISE), HMA100=2677.37 (FALL), trend_hma=RISE
2025-07-04 09:37:00,438 INFO: 📈 Análise: EMA9=2679.20, EMA21=2678.46, trend_ema=RISE, HMA21=2680.37, HMA100=2677.37, trend_hma=RISE, trend_final=RISE, RSI=59.91, MACD=0.49/0.08, ATR=1.06, body=0.00, band_width=0.001, confidence=40
2025-07-04 09:37:00,438 INFO: 🚨 SINAL DETECTADO: RISE | Confiança: 40%
2025-07-04 09:37:01,353 INFO: ✅ Mensagem enviada ao Telegram (ID: MDZ2F7WD).
2025-07-04 09:37:01,354 INFO: Inicializando conexão com o MongoDB.
2025-07-04 09:37:01,385 INFO: Conexão com o MongoDB estabelecida.
2025-07-04 09:37:01,386 INFO: Inserindo documento: {'signal_id': 'MDZ2F7WD', 'signal': 'RISE', 'price': np.float64(2679.737), 'confidence': 40, 'analyze_time': datetime.datetime(2025, 7, 4, 9, 37, 0, 439479, tzinfo=<DstTzInfo 'America/Sao_Paulo' -03-1 day, 21:00:00 STD>), 'entry_time': '2025-07-04 09:38:00', 'open_candle_timestamp': 1751632738, 'message_id': 9088, 'chat_id': -4767147054, 'result': None}
2025-07-04 09:37:01,433 INFO: Documento inserido com ID: 6867caedc78f181714792de9
2025-07-04 09:38:00,424 INFO: 🔔 Novo candle em 2025-07-04 12:38:00 UTC
2025-07-04 09:38:00,425 INFO: ⏳ Agendada validação do candle 1751632620 em 120s.
2025-07-04 09:38:00,425 INFO: Estrutura dos dados: (1751622660, 2673.329, 2673.449, 2672.082, 2672.241)
2025-07-04 09:38:00,429 INFO: Verificando dados para HMA. Tamanho do DataFrame: 200
2025-07-04 09:38:00,430 INFO: Calculando HMA21...
2025-07-04 09:38:00,440 INFO: Calculando HMA100...
2025-07-04 09:38:00,449 INFO: 📊 HMA: HMA21=2679.79 (RISE), HMA100=2679.36 (RISE), trend_hma=RISE
2025-07-04 09:38:00,456 INFO: 📈 Análise: EMA9=2679.68, EMA21=2679.59, trend_ema=RISE, HMA21=2679.79, HMA100=2679.36, trend_hma=RISE, trend_final=RISE, RSI=53.65, MACD=0.12/0.14, ATR=0.87, body=0.00, band_width=0.000, confidence=30
2025-07-04 09:38:00,456 INFO: 🚨 SINAL DETECTADO: RISE | Confiança: 30%
2025-07-04 09:38:00,457 INFO: ⏳ Em cooldown (120s). Próximo sinal em 60s.
2025-07-04 09:39:00,414 INFO: 🔔 Novo candle em 2025-07-04 12:39:00 UTC
2025-07-04 09:39:00,414 INFO: ⏳ Agendada validação do candle 1751632680 em 120s.
2025-07-04 09:39:00,415 INFO: Estrutura dos dados: (1751624460, 2671.814, 2672.097, 2671.089, 2672.097)
2025-07-04 09:39:00,419 INFO: Verificando dados para HMA. Tamanho do DataFrame: 200
2025-07-04 09:39:00,419 INFO: Calculando HMA21...
2025-07-04 09:39:00,432 INFO: Calculando HMA100...
2025-07-04 09:39:00,440 INFO: 📊 HMA: HMA21=2678.47 (FALL), HMA100=2679.35 (FALL), trend_hma=FALL
2025-07-04 09:39:00,447 INFO: 📈 Análise: EMA9=2678.70, EMA21=2678.91, trend_ema=FALL, HMA21=2678.47, HMA100=2679.35, trend_hma=FALL, trend_final=FALL, RSI=42.22, MACD=-0.21/-0.19, ATR=0.84, body=0.00, band_width=0.000, confidence=50
2025-07-04 09:39:00,448 INFO: 🚨 SINAL DETECTADO: FALL | Confiança: 50%
2025-07-04 09:39:01,252 INFO: ✅ Mensagem enviada ao Telegram (ID: GT26VV9L).
2025-07-04 09:39:01,254 INFO: Inicializando conexão com o MongoDB.
2025-07-04 09:39:01,256 INFO: Conexão com o MongoDB estabelecida.
2025-07-04 09:39:01,257 INFO: Inserindo documento: {'signal_id': 'GT26VV9L', 'signal': 'FALL', 'price': np.float64(2678.712), 'confidence': 50, 'analyze_time': datetime.datetime(2025, 7, 4, 9, 39, 0, 448626, tzinfo=<DstTzInfo 'America/Sao_Paulo' -03-1 day, 21:00:00 STD>), 'entry_time': '2025-07-04 09:40:00', 'open_candle_timestamp': 1751632858, 'message_id': 9089, 'chat_id': -4767147054, 'result': None}
2025-07-04 09:39:01,296 INFO: Documento inserido com ID: 6867cb65c78f181714792deb
2025-07-04 09:40:00,436 INFO: Iniciando metodo validate_signals_for_candle
2025-07-04 09:40:00,436 INFO: Inicializando conexão com o MongoDB.
2025-07-04 09:40:00,437 INFO: 🔔 Novo candle em 2025-07-04 12:40:00 UTC
2025-07-04 09:40:00,438 INFO: ⏳ Agendada validação do candle 1751632740 em 120s.
2025-07-04 09:40:00,439 INFO: Estrutura dos dados: (1751626260, 2679.38, 2679.85, 2678.532, 2679.05)
2025-07-04 09:40:00,444 INFO: Conexão com o MongoDB estabelecida.
2025-07-04 09:40:00,446 INFO: Verificando dados para HMA. Tamanho do DataFrame: 200
2025-07-04 09:40:00,447 INFO: Buscando documento com a query: {'signal_id': 'MDZ2F7WD'}
2025-07-04 09:40:00,447 INFO: Calculando HMA21...
2025-07-04 09:40:00,461 INFO: Calculando HMA100...
2025-07-04 09:40:00,472 INFO: 📊 HMA: HMA21=2679.40 (RISE), HMA100=2678.75 (RISE), trend_hma=RISE
2025-07-04 09:40:00,481 INFO: 📈 Análise: EMA9=2679.27, EMA21=2679.12, trend_ema=RISE, HMA21=2679.40, HMA100=2678.75, trend_hma=RISE, trend_final=RISE, RSI=56.30, MACD=0.13/0.08, ATR=0.70, body=0.00, band_width=0.000, confidence=50
2025-07-04 09:40:00,482 INFO: 🚨 SINAL DETECTADO: RISE | Confiança: 50%
2025-07-04 09:40:00,483 INFO: ⏳ Em cooldown (120s). Próximo sinal em 60s.
2025-07-04 09:40:00,501 INFO: Documento encontrado: {'_id': ObjectId('6867caedc78f181714792de9'), 'signal_id': 'MDZ2F7WD', 'signal': 'RISE', 'price': 2679.737, 'confidence': 40, 'analyze_time': datetime.datetime(2025, 7, 4, 12, 37, 0, 439000), 'entry_time': '2025-07-04 09:38:00', 'open_candle_timestamp': 1751632738, 'message_id': 9088, 'chat_id': -4767147054, 'result': None}
2025-07-04 09:40:00,501 INFO: Atualizando documento com a query: {'signal_id': 'MDZ2F7WD'}, update: {'$set': {'result': 'LOSS'}}
2025-07-04 09:40:00,510 INFO: Número de documentos modificados: 1
2025-07-04 09:40:00,511 INFO: Sinal MDZ2F7WD validado como LOSS
2025-07-04 09:40:00,511 INFO: Inicializando conexão com o MongoDB.
2025-07-04 09:40:00,514 INFO: Conexão com o MongoDB estabelecida.
2025-07-04 09:40:00,515 INFO: Buscando documento com a query: {'signal_id': 'MDZ2F7WD'}
2025-07-04 09:40:00,534 INFO: Documento encontrado: {'_id': ObjectId('6867caedc78f181714792de9'), 'signal_id': 'MDZ2F7WD', 'signal': 'RISE', 'price': 2679.737, 'confidence': 40, 'analyze_time': datetime.datetime(2025, 7, 4, 12, 37, 0, 439000), 'entry_time': '2025-07-04 09:38:00', 'open_candle_timestamp': 1751632738, 'message_id': 9088, 'chat_id': -4767147054, 'result': 'LOSS'}
2025-07-04 09:40:01,354 INFO: Buscando documento com a query: {'signal_id': 'GT26VV9L'}
2025-07-04 09:40:01,357 INFO: Documento encontrado: {'_id': ObjectId('6867cb65c78f181714792deb'), 'signal_id': 'GT26VV9L', 'signal': 'FALL', 'price': 2678.712, 'confidence': 50, 'analyze_time': datetime.datetime(2025, 7, 4, 12, 39, 0, 448000), 'entry_time': '2025-07-04 09:40:00', 'open_candle_timestamp': 1751632858, 'message_id': 9089, 'chat_id': -4767147054, 'result': None}
2025-07-04 09:40:01,357 INFO: ⚠️ Sinal GT26VV9L não encontrado no candle atual.
2025-07-04 09:40:01,357 INFO: Finalizando metodo validate_signals_for_candle
2025-07-04 09:41:00,412 INFO: 🔔 Novo candle em 2025-07-04 12:41:00 UTC
2025-07-04 09:41:00,413 INFO: ⏳ Agendada validação do candle 1751632800 em 120s.
2025-07-04 09:41:00,413 INFO: Estrutura dos dados: (1751628060, 2674.561, 2675.308, 2674.243, 2675.308)
2025-07-04 09:41:00,418 INFO: Verificando dados para HMA. Tamanho do DataFrame: 200
2025-07-04 09:41:00,418 INFO: Calculando HMA21...
2025-07-04 09:41:00,429 INFO: Iniciando metodo validate_signals_for_candle
2025-07-04 09:41:00,430 INFO: Calculando HMA100...
2025-07-04 09:41:00,430 INFO: Inicializando conexão com o MongoDB.
2025-07-04 09:41:00,440 INFO: 📊 HMA: HMA21=2678.98 (RISE), HMA100=2679.22 (FALL), trend_hma=RISE
2025-07-04 09:41:00,448 INFO: 📈 Análise: EMA9=2679.02, EMA21=2679.07, trend_ema=FALL, HMA21=2678.98, HMA100=2679.22, trend_hma=RISE, trend_final=RISE, RSI=47.84, MACD=-0.06/-0.05, ATR=0.79, body=0.00, band_width=0.000, confidence=20
2025-07-04 09:41:00,449 INFO: 🚨 SINAL DETECTADO: RISE | Confiança: 20%
2025-07-04 09:41:00,452 INFO: Conexão com o MongoDB estabelecida.
2025-07-04 09:41:00,454 INFO: Buscando documento com a query: {'signal_id': 'GT26VV9L'}
2025-07-04 09:41:00,487 INFO: Documento encontrado: {'_id': ObjectId('6867cb65c78f181714792deb'), 'signal_id': 'GT26VV9L', 'signal': 'FALL', 'price': 2678.712, 'confidence': 50, 'analyze_time': datetime.datetime(2025, 7, 4, 12, 39, 0, 448000), 'entry_time': '2025-07-04 09:40:00', 'open_candle_timestamp': 1751632858, 'message_id': 9089, 'chat_id': -4767147054, 'result': None}
2025-07-04 09:41:00,487 INFO: Atualizando documento com a query: {'signal_id': 'GT26VV9L'}, update: {'$set': {'result': 'WIN'}}
2025-07-04 09:41:00,493 INFO: Número de documentos modificados: 1
2025-07-04 09:41:00,493 INFO: Sinal GT26VV9L validado como WIN
2025-07-04 09:41:00,494 INFO: Inicializando conexão com o MongoDB.
2025-07-04 09:41:00,499 INFO: Conexão com o MongoDB estabelecida.
2025-07-04 09:41:00,499 INFO: Buscando documento com a query: {'signal_id': 'GT26VV9L'}
2025-07-04 09:41:00,526 INFO: Documento encontrado: {'_id': ObjectId('6867cb65c78f181714792deb'), 'signal_id': 'GT26VV9L', 'signal': 'FALL', 'price': 2678.712, 'confidence': 50, 'analyze_time': datetime.datetime(2025, 7, 4, 12, 39, 0, 448000), 'entry_time': '2025-07-04 09:40:00', 'open_candle_timestamp': 1751632858, 'message_id': 9089, 'chat_id': -4767147054, 'result': 'WIN'}
2025-07-04 09:41:01,257 INFO: ✅ Mensagem enviada ao Telegram (ID: E76T30H9).
2025-07-04 09:41:01,258 INFO: Inicializando conexão com o MongoDB.
2025-07-04 09:41:01,261 INFO: Conexão com o MongoDB estabelecida.
2025-07-04 09:41:01,262 INFO: Inserindo documento: {'signal_id': 'E76T30H9', 'signal': 'RISE', 'price': np.float64(2679.011), 'confidence': 20, 'analyze_time': datetime.datetime(2025, 7, 4, 9, 41, 0, 451459, tzinfo=<DstTzInfo 'America/Sao_Paulo' -03-1 day, 21:00:00 STD>), 'entry_time': '2025-07-04 09:42:00', 'open_candle_timestamp': 1751632978, 'message_id': 9091, 'chat_id': -4767147054, 'result': None}
2025-07-04 09:41:01,280 INFO: Documento inserido com ID: 6867cbddc78f181714792df1
2025-07-04 09:41:01,324 INFO: Buscando documento com a query: {'signal_id': 'E76T30H9'}
2025-07-04 09:41:01,326 INFO: Documento encontrado: {'_id': ObjectId('6867cbddc78f181714792df1'), 'signal_id': 'E76T30H9', 'signal': 'RISE', 'price': 2679.011, 'confidence': 20, 'analyze_time': datetime.datetime(2025, 7, 4, 12, 41, 0, 451000), 'entry_time': '2025-07-04 09:42:00', 'open_candle_timestamp': 1751632978, 'message_id': 9091, 'chat_id': -4767147054, 'result': None}
2025-07-04 09:41:01,327 INFO: ⚠️ Sinal E76T30H9 não encontrado no candle atual.
2025-07-04 09:41:01,328 INFO: Finalizando metodo validate_signals_for_candle
2025-07-04 09:42:00,406 INFO: 🔔 Novo candle em 2025-07-04 12:42:00 UTC
2025-07-04 09:42:00,406 INFO: ⏳ Agendada validação do candle 1751632860 em 120s.
2025-07-04 09:42:00,406 INFO: Estrutura dos dados: (1751629860, 2685.733, 2686.096, 2684.66, 2684.883)
2025-07-04 09:42:00,411 INFO: Verificando dados para HMA. Tamanho do DataFrame: 200
2025-07-04 09:42:00,412 INFO: Calculando HMA21...
2025-07-04 09:42:00,421 INFO: Calculando HMA100...
2025-07-04 09:42:00,429 INFO: 📊 HMA: HMA21=2678.16 (RISE), HMA100=2678.27 (FALL), trend_hma=RISE
2025-07-04 09:42:00,437 INFO: 📈 Análise: EMA9=2678.24, EMA21=2678.30, trend_ema=FALL, HMA21=2678.16, HMA100=2678.27, trend_hma=RISE, trend_final=RISE, RSI=49.80, MACD=-0.13/-0.20, ATR=1.06, body=0.00, band_width=0.000, confidence=40
2025-07-04 09:42:00,437 INFO: 🚨 SINAL DETECTADO: RISE | Confiança: 40%
2025-07-04 09:42:00,437 INFO: ⏳ Em cooldown (120s). Próximo sinal em 61s.
2025-07-04 09:42:00,444 INFO: Iniciando metodo validate_signals_for_candle
2025-07-04 09:42:00,444 INFO: Inicializando conexão com o MongoDB.
2025-07-04 09:42:00,447 INFO: Conexão com o MongoDB estabelecida.
2025-07-04 09:42:00,447 INFO: Buscando documento com a query: {'signal_id': 'E76T30H9'}
2025-07-04 09:42:00,468 INFO: Documento encontrado: {'_id': ObjectId('6867cbddc78f181714792df1'), 'signal_id': 'E76T30H9', 'signal': 'RISE', 'price': 2679.011, 'confidence': 20, 'analyze_time': datetime.datetime(2025, 7, 4, 12, 41, 0, 451000), 'entry_time': '2025-07-04 09:42:00', 'open_candle_timestamp': 1751632978, 'message_id': 9091, 'chat_id': -4767147054, 'result': None}
2025-07-04 09:42:00,469 INFO: ⚠️ Sinal E76T30H9 não encontrado no candle atual.
2025-07-04 09:42:00,469 INFO: Finalizando metodo validate_signals_for_candle
2025-07-04 09:43:00,411 INFO: 🔔 Novo candle em 2025-07-04 12:43:00 UTC
2025-07-04 09:43:00,412 INFO: ⏳ Agendada validação do candle 1751632920 em 120s.
2025-07-04 09:43:00,412 INFO: Estrutura dos dados: (1751631660, 2675.061, 2675.261, 2674.257, 2674.257)
2025-07-04 09:43:00,416 INFO: Verificando dados para HMA. Tamanho do DataFrame: 200
2025-07-04 09:43:00,416 INFO: Iniciando metodo validate_signals_for_candle
2025-07-04 09:43:00,417 INFO: Calculando HMA21...
2025-07-04 09:43:00,417 INFO: Inicializando conexão com o MongoDB.
2025-07-04 09:43:00,427 INFO: Calculando HMA100...
2025-07-04 09:43:00,434 INFO: 📊 HMA: HMA21=2677.79 (FALL), HMA100=2678.23 (FALL), trend_hma=FALL
2025-07-04 09:43:00,440 INFO: 📈 Análise: EMA9=2677.94, EMA21=2678.20, trend_ema=FALL, HMA21=2677.79, HMA100=2678.23, trend_hma=FALL, trend_final=FALL, RSI=25.00, MACD=-0.22/-0.10, ATR=0.66, body=0.00, band_width=0.000, confidence=90
2025-07-04 09:43:00,440 INFO: 🚨 SINAL DETECTADO: FALL | Confiança: 90%
2025-07-04 09:43:00,441 INFO: ⏳ Em cooldown (120s). Próximo sinal em 1s.
2025-07-04 09:43:00,442 INFO: Conexão com o MongoDB estabelecida.
2025-07-04 09:43:00,442 INFO: Buscando documento com a query: {'signal_id': 'E76T30H9'}
2025-07-04 09:43:00,459 INFO: Documento encontrado: {'_id': ObjectId('6867cbddc78f181714792df1'), 'signal_id': 'E76T30H9', 'signal': 'RISE', 'price': 2679.011, 'confidence': 20, 'analyze_time': datetime.datetime(2025, 7, 4, 12, 41, 0, 451000), 'entry_time': '2025-07-04 09:42:00', 'open_candle_timestamp': 1751632978, 'message_id': 9091, 'chat_id': -4767147054, 'result': None}
2025-07-04 09:43:00,460 INFO: Atualizando documento com a query: {'signal_id': 'E76T30H9'}, update: {'$set': {'result': 'LOSS'}}
2025-07-04 09:43:00,462 INFO: Número de documentos modificados: 1
2025-07-04 09:43:00,463 INFO: Sinal E76T30H9 validado como LOSS
2025-07-04 09:43:00,463 INFO: Inicializando conexão com o MongoDB.
2025-07-04 09:43:00,465 INFO: Conexão com o MongoDB estabelecida.
2025-07-04 09:43:00,466 INFO: Buscando documento com a query: {'signal_id': 'E76T30H9'}
2025-07-04 09:43:00,484 INFO: Documento encontrado: {'_id': ObjectId('6867cbddc78f181714792df1'), 'signal_id': 'E76T30H9', 'signal': 'RISE', 'price': 2679.011, 'confidence': 20, 'analyze_time': datetime.datetime(2025, 7, 4, 12, 41, 0, 451000), 'entry_time': '2025-07-04 09:42:00', 'open_candle_timestamp': 1751632978, 'message_id': 9091, 'chat_id': -4767147054, 'result': 'LOSS'}
2025-07-04 09:43:01,347 INFO: Finalizando metodo validate_signals_for_candle
